[23:39:03] [main/INFO]: Setting user: Player525
[23:39:04] [Client thread/INFO]: LWJGL Version: 2.9.1
[23:39:10] [Client thread/INFO]: Reloading ResourceManager: Default, FMLFileResourcePack:Forge Mod Loader, FMLFileResourcePack:Minecraft Forge, FMLFileResourcePack:Synbio for Minecraft
[23:39:11] [Sound Library Loader/INFO]: Sound engine started
[23:39:11] [Client thread/INFO]: Created: 16x16 textures/blocks-atlas
[23:39:11] [Client thread/INFO]: Created: 16x16 textures/items-atlas
[23:39:11] [Client thread/INFO]: Reloading ResourceManager: Default, FMLFileResourcePack:Forge Mod Loader, FMLFileResourcePack:Minecraft Forge, FMLFileResourcePack:Synbio for Minecraft
[23:39:12] [Client thread/INFO]: Created: 512x256 textures/blocks-atlas
[23:39:12] [Client thread/INFO]: Created: 256x256 textures/items-atlas
[23:39:12] [Sound Library Loader/INFO]: Sound engine started
[23:39:41] [Server thread/INFO]: Starting integrated minecraft server version 1.7.10
[23:39:41] [Server thread/INFO]: Generating keypair
[23:39:42] [Server thread/INFO]: Preparing start region for level 0
[23:39:42] [Server thread/INFO]: Changing view distance to 12, from 10
[23:39:42] [Server thread/INFO]: Player525[local:E:926fe694] logged in with entity id 199 at (-766.4640141509177, 13.653821376963702, 281.9754332721959)
[23:39:42] [Server thread/INFO]: Player525 joined the game
[23:39:43] [Server thread/INFO]: Player525 has just earned the achievement [Taking Inventory]
[23:39:43] [Client thread/INFO]: [CHAT] Player525 has just earned the achievement [Taking Inventory]
[23:40:35] [Client thread/INFO]: Stopping!
[23:40:35] [Server thread/INFO]: Stopping server
[23:40:35] [Server thread/INFO]: Saving players
[23:40:35] [Server thread/INFO]: Saving worlds
[23:40:35] [Server thread/INFO]: Saving chunks for level 'New World'/Overworld
[23:40:35] [Server thread/INFO]: Saving chunks for level 'New World'/Nether
[23:40:35] [Server thread/INFO]: Saving chunks for level 'New World'/The End
